Determining if the pthread_create exist failed with the following output:
Change Dir: /home/kaveh/Documents/Shipbot/pi/catkin_ws/build/CMakeFiles/CMakeTmp

Run Build Command:/usr/bin/make "cmTryCompileExec4230114851/fast"
/usr/bin/make -f CMakeFiles/cmTryCompileExec4230114851.dir/build.make CMakeFiles/cmTryCompileExec4230114851.dir/build
make[1]: Entering directory `/home/kaveh/Documents/Shipbot/pi/catkin_ws/build/CMakeFiles/CMakeTmp'
/usr/bin/cmake -E cmake_progress_report /home/kaveh/Documents/Shipbot/pi/catkin_ws/build/CMakeFiles/CMakeTmp/CMakeFiles 1
Building C object CMakeFiles/cmTryCompileExec4230114851.dir/CheckSymbolExists.c.o
/usr/bin/cc    -o CMakeFiles/cmTryCompileExec4230114851.dir/CheckSymbolExists.c.o   -c /home/kaveh/Documents/Shipbot/pi/catkin_ws/build/CMakeFiles/CMakeTmp/CheckSymbolExists.c
Linking C executable cmTryCompileExec4230114851
/usr/bin/cmake -E cmake_link_script CMakeFiles/cmTryCompileExec4230114851.dir/link.txt --verbose=1
/usr/bin/cc       CMakeFiles/cmTryCompileExec4230114851.dir/CheckSymbolExists.c.o  -o cmTryCompileExec4230114851 -rdynamic 
CMakeFiles/cmTryCompileExec4230114851.dir/CheckSymbolExists.c.o: In function `main':
CheckSymbolExists.c:(.text+0x16): undefined reference to `pthread_create'
collect2: error: ld returned 1 exit status
make[1]: Leaving directory `/home/kaveh/Documents/Shipbot/pi/catkin_ws/build/CMakeFiles/CMakeTmp'
make[1]: *** [cmTryCompileExec4230114851] Error 1
make: *** [cmTryCompileExec4230114851/fast] Error 2

File /home/kaveh/Documents/Shipbot/pi/catkin_ws/build/CMakeFiles/CMakeTmp/CheckSymbolExists.c:
/* */
#include <pthread.h>

int main(int argc, char** argv)
{
  (void)argv;
#ifndef pthread_create
  return ((int*)(&pthread_create))[argc];
#else
  (void)argc;
  return 0;
#endif
}

Determining if the function pthread_create exists in the pthreads failed with the following output:
Change Dir: /home/kaveh/Documents/Shipbot/pi/catkin_ws/build/CMakeFiles/CMakeTmp

Run Build Command:/usr/bin/make "cmTryCompileExec4024299223/fast"
/usr/bin/make -f CMakeFiles/cmTryCompileExec4024299223.dir/build.make CMakeFiles/cmTryCompileExec4024299223.dir/build
make[1]: Entering directory `/home/kaveh/Documents/Shipbot/pi/catkin_ws/build/CMakeFiles/CMakeTmp'
/usr/bin/cmake -E cmake_progress_report /home/kaveh/Documents/Shipbot/pi/catkin_ws/build/CMakeFiles/CMakeTmp/CMakeFiles 1
Building C object CMakeFiles/cmTryCompileExec4024299223.dir/CheckFunctionExists.c.o
/usr/bin/cc   -DCHECK_FUNCTION_EXISTS=pthread_create   -o CMakeFiles/cmTryCompileExec4024299223.dir/CheckFunctionExists.c.o   -c /usr/share/cmake-2.8/Modules/CheckFunctionExists.c
Linking C executable cmTryCompileExec4024299223
/usr/bin/cmake -E cmake_link_script CMakeFiles/cmTryCompileExec4024299223.dir/link.txt --verbose=1
/usr/bin/cc   -DCHECK_FUNCTION_EXISTS=pthread_create    CMakeFiles/cmTryCompileExec4024299223.dir/CheckFunctionExists.c.o  -o cmTryCompileExec4024299223 -rdynamic -lpthreads 
/usr/bin/ld: cannot find -lpthreads
collect2: error: ld returned 1 exit status
make[1]: *** [cmTryCompileExec4024299223] Error 1
make[1]: Leaving directory `/home/kaveh/Documents/Shipbot/pi/catkin_ws/build/CMakeFiles/CMakeTmp'
make: *** [cmTryCompileExec4024299223/fast] Error 2


